TID: [0] [] [2014-12-01 10:30:39,722]  INFO {org.wso2.carbon.core.internal.CarbonCoreActivator} -  Starting WSO2 Carbon... {org.wso2.carbon.core.internal.CarbonCoreActivator}
TID: [0] [] [2014-12-01 10:30:39,738]  INFO {org.wso2.carbon.core.internal.CarbonCoreActivator} -  Operating System : Windows 8 6.2, amd64 {org.wso2.carbon.core.internal.CarbonCoreActivator}
TID: [0] [] [2014-12-01 10:30:39,738]  INFO {org.wso2.carbon.core.internal.CarbonCoreActivator} -  Java Home        : C:\Program Files\Java\jdk1.7.0_67\jre {org.wso2.carbon.core.internal.CarbonCoreActivator}
TID: [0] [] [2014-12-01 10:30:39,738]  INFO {org.wso2.carbon.core.internal.CarbonCoreActivator} -  Java Version     : 1.7.0_67 {org.wso2.carbon.core.internal.CarbonCoreActivator}
TID: [0] [] [2014-12-01 10:30:39,738]  INFO {org.wso2.carbon.core.internal.CarbonCoreActivator} -  Java VM          : Java HotSpot(TM) 64-Bit Server VM 24.65-b04,Oracle Corporation {org.wso2.carbon.core.internal.CarbonCoreActivator}
TID: [0] [] [2014-12-01 10:30:39,738]  INFO {org.wso2.carbon.core.internal.CarbonCoreActivator} -  Carbon Home      : D:\wso2ues1\wso2ues-1.0.0\bin\.. {org.wso2.carbon.core.internal.CarbonCoreActivator}
TID: [0] [] [2014-12-01 10:30:39,738]  INFO {org.wso2.carbon.core.internal.CarbonCoreActivator} -  Java Temp Dir    : D:\wso2ues1\wso2ues-1.0.0\bin\..\tmp {org.wso2.carbon.core.internal.CarbonCoreActivator}
TID: [0] [] [2014-12-01 10:30:39,738]  INFO {org.wso2.carbon.core.internal.CarbonCoreActivator} -  User             : User, en-US, Asia/Colombo {org.wso2.carbon.core.internal.CarbonCoreActivator}
TID: [0] [] [2014-12-01 10:30:39,910]  WARN {org.wso2.carbon.core.bootup.validator.util.ValidationResultPrinter} -  The running OS : Windows 8 is not a tested Operating System for running WSO2 Carbon {org.wso2.carbon.core.bootup.validator.util.ValidationResultPrinter}
TID: [0] [] [2014-12-01 10:30:44,514]  INFO {org.wso2.carbon.registry.core.jdbc.EmbeddedRegistryService} -  Configured Registry in 264ms {org.wso2.carbon.registry.core.jdbc.EmbeddedRegistryService}
TID: [0] [] [2014-12-01 10:30:45,186]  INFO {org.wso2.carbon.registry.core.internal.RegistryCoreServiceComponent} -  Registry Mode    : READ-WRITE {org.wso2.carbon.registry.core.internal.RegistryCoreServiceComponent}
TID: [0] [] [2014-12-01 10:30:59,540]  INFO {org.apache.axis2.deployment.ClusterBuilder} -  Clustering has been disabled {org.apache.axis2.deployment.ClusterBuilder}
TID: [0] [] [2014-12-01 10:30:59,540]  INFO {org.apache.axis2.deployment.ClusterBuilder} -  Clustering has been disabled {org.apache.axis2.deployment.ClusterBuilder}
TID: [0] [] [2014-12-01 10:30:59,978]  INFO {org.apache.axis2.transport.tcp.TCPTransportSender} -  TCP Sender started {org.apache.axis2.transport.tcp.TCPTransportSender}
TID: [0] [] [2014-12-01 10:30:59,978]  INFO {org.apache.axis2.transport.tcp.TCPTransportSender} -  TCP Sender started {org.apache.axis2.transport.tcp.TCPTransportSender}
TID: [0] [] [2014-12-01 10:31:01,134]  INFO {org.wso2.carbon.core.deployment.DeploymentInterceptor} -  Deploying Axis2 service: echo {super-tenant} {org.wso2.carbon.core.deployment.DeploymentInterceptor}
TID: [0] [] [2014-12-01 10:31:01,337]  INFO {org.apache.axis2.deployment.DeploymentEngine} -  Deploying Web service: Echo.aar - file:/D:/wso2ues1/wso2ues-1.0.0/bin/../repository/deployment/server/axis2services/Echo.aar {org.apache.axis2.deployment.DeploymentEngine}
TID: [0] [] [2014-12-01 10:31:01,337]  INFO {org.apache.axis2.deployment.DeploymentEngine} -  Deploying Web service: Echo.aar - file:/D:/wso2ues1/wso2ues-1.0.0/bin/../repository/deployment/server/axis2services/Echo.aar {org.apache.axis2.deployment.DeploymentEngine}
TID: [0] [] [2014-12-01 10:31:01,571]  INFO {org.wso2.carbon.core.deployment.DeploymentInterceptor} -  Deploying Axis2 service: Version {super-tenant} {org.wso2.carbon.core.deployment.DeploymentInterceptor}
TID: [0] [] [2014-12-01 10:31:01,634]  INFO {org.apache.axis2.deployment.DeploymentEngine} -  Deploying Web service: Version.aar - file:/D:/wso2ues1/wso2ues-1.0.0/bin/../repository/deployment/server/axis2services/Version.aar {org.apache.axis2.deployment.DeploymentEngine}
TID: [0] [] [2014-12-01 10:31:01,634]  INFO {org.apache.axis2.deployment.DeploymentEngine} -  Deploying Web service: Version.aar - file:/D:/wso2ues1/wso2ues-1.0.0/bin/../repository/deployment/server/axis2services/Version.aar {org.apache.axis2.deployment.DeploymentEngine}
TID: [0] [] [2014-12-01 10:31:16,199]  INFO {org.apache.shiro.config.IniSecurityManagerFactory} -  Realms have been explicitly set on the SecurityManager instance - auto-setting of realms will not occur. {org.apache.shiro.config.IniSecurityManagerFactory}
TID: [0] [] [2014-12-01 10:31:16,199]  INFO {org.apache.shiro.config.IniSecurityManagerFactory} -  Realms have been explicitly set on the SecurityManager instance - auto-setting of realms will not occur. {org.apache.shiro.config.IniSecurityManagerFactory}
TID: [0] [] [2014-12-01 10:31:16,199]  INFO {org.apache.shiro.realm.AuthorizingRealm} -  No cache or cacheManager properties have been set.  Authorization cache cannot be obtained. {org.apache.shiro.realm.AuthorizingRealm}
TID: [0] [] [2014-12-01 10:31:16,199]  INFO {org.apache.shiro.realm.AuthorizingRealm} -  No cache or cacheManager properties have been set.  Authorization cache cannot be obtained. {org.apache.shiro.realm.AuthorizingRealm}
TID: [0] [] [2014-12-01 10:31:16,245]  INFO {org.wso2.carbon.webapp.mgt.TomcatGenericWebappsDeployer} -  Deployed webapp: StandardEngine[Catalina].StandardHost[localhost].StandardContext[/].File[D:\wso2ues1\wso2ues-1.0.0\bin\..\repository\deployment\server\webapps\ROOT] {org.wso2.carbon.webapp.mgt.TomcatGenericWebappsDeployer}
TID: [0] [] [2014-12-01 10:31:20,168]  INFO {org.jaggeryjs.jaggery.app.mgt.TomcatJaggeryWebappsDeployer} -  Deployed webapp: StandardEngine[Catalina].StandardHost[localhost].StandardContext[/ceo-dash].File[D:\wso2ues1\wso2ues-1.0.0\bin\..\repository\deployment\server\jaggeryapps\ceo-dash] {org.jaggeryjs.jaggery.app.mgt.TomcatJaggeryWebappsDeployer}
TID: [0] [] [2014-12-01 10:31:20,231]  INFO {org.jaggeryjs.jaggery.app.mgt.TomcatJaggeryWebappsDeployer} -  Deployed webapp: StandardEngine[Catalina].StandardHost[localhost].StandardContext[/climate].File[D:\wso2ues1\wso2ues-1.0.0\bin\..\repository\deployment\server\jaggeryapps\climate] {org.jaggeryjs.jaggery.app.mgt.TomcatJaggeryWebappsDeployer}
TID: [0] [] [2014-12-01 10:31:20,309]  INFO {org.jaggeryjs.jaggery.app.mgt.TomcatJaggeryWebappsDeployer} -  Deployed webapp: StandardEngine[Catalina].StandardHost[localhost].StandardContext[/markmail].File[D:\wso2ues1\wso2ues-1.0.0\bin\..\repository\deployment\server\jaggeryapps\markmail] {org.jaggeryjs.jaggery.app.mgt.TomcatJaggeryWebappsDeployer}
TID: [0] [] [2014-12-01 10:31:21,356]  INFO {portal.deployer} -  Default gadgets deployed {portal.deployer}
TID: [0] [] [2014-12-01 10:31:21,653]  INFO {portal.site.deployer} -  Default sites deployed {portal.site.deployer}
TID: [0] [] [2014-12-01 10:31:21,653]  INFO {org.jaggeryjs.jaggery.app.mgt.TomcatJaggeryWebappsDeployer} -  Deployed webapp: StandardEngine[Catalina].StandardHost[localhost].StandardContext[/portal].File[D:\wso2ues1\wso2ues-1.0.0\bin\..\repository\deployment\server\jaggeryapps\portal] {org.jaggeryjs.jaggery.app.mgt.TomcatJaggeryWebappsDeployer}
TID: [0] [] [2014-12-01 10:31:21,809]  INFO {org.jaggeryjs.jaggery.app.mgt.TomcatJaggeryWebappsDeployer} -  Deployed webapp: StandardEngine[Catalina].StandardHost[localhost].StandardContext[/sso].File[D:\wso2ues1\wso2ues-1.0.0\bin\..\repository\deployment\server\jaggeryapps\sso] {org.jaggeryjs.jaggery.app.mgt.TomcatJaggeryWebappsDeployer}
TID: [0] [] [2014-12-01 10:31:22,106]  INFO {org.jaggeryjs.jaggery.app.mgt.TomcatJaggeryWebappsDeployer} -  Deployed webapp: StandardEngine[Catalina].StandardHost[localhost].StandardContext[/store].File[D:\wso2ues1\wso2ues-1.0.0\bin\..\repository\deployment\server\jaggeryapps\store] {org.jaggeryjs.jaggery.app.mgt.TomcatJaggeryWebappsDeployer}
TID: [0] [] [2014-12-01 10:31:22,778]  INFO {org.apache.axis2.deployment.ModuleDeployer} -  Deploying module: addressing-1.6.1-wso2v9 - file:/D:/wso2ues1/wso2ues-1.0.0/bin/../repository/deployment/client/modules/addressing-1.6.1-wso2v9.mar {org.apache.axis2.deployment.ModuleDeployer}
TID: [0] [] [2014-12-01 10:31:22,778]  INFO {org.apache.axis2.deployment.ModuleDeployer} -  Deploying module: addressing-1.6.1-wso2v9 - file:/D:/wso2ues1/wso2ues-1.0.0/bin/../repository/deployment/client/modules/addressing-1.6.1-wso2v9.mar {org.apache.axis2.deployment.ModuleDeployer}
TID: [0] [] [2014-12-01 10:31:22,793]  INFO {org.apache.axis2.transport.tcp.TCPTransportSender} -  TCP Sender started {org.apache.axis2.transport.tcp.TCPTransportSender}
TID: [0] [] [2014-12-01 10:31:22,793]  INFO {org.apache.axis2.transport.tcp.TCPTransportSender} -  TCP Sender started {org.apache.axis2.transport.tcp.TCPTransportSender}
TID: [0] [] [2014-12-01 10:31:25,686]  INFO {org.wso2.carbon.core.init.CarbonServerManager} -  Repository       : D:\wso2ues1\wso2ues-1.0.0\bin\../repository/deployment/server/ {org.wso2.carbon.core.init.CarbonServerManager}
TID: [0] [] [2014-12-01 10:31:25,748]  INFO {org.wso2.carbon.core.internal.permission.update.PermissionUpdater} -  Permission cache updated for tenant -1234 {org.wso2.carbon.core.internal.permission.update.PermissionUpdater}
TID: [0] [] [2014-12-01 10:31:26,306]  INFO {org.wso2.carbon.core.transports.http.HttpsTransportListener} -  HTTPS port       : 9443 {org.wso2.carbon.core.transports.http.HttpsTransportListener}
TID: [0] [] [2014-12-01 10:31:26,306]  INFO {org.wso2.carbon.core.transports.http.HttpTransportListener} -  HTTP port        : 9763 {org.wso2.carbon.core.transports.http.HttpTransportListener}
TID: [0] [] [2014-12-01 10:31:26,400]  INFO {portal.site.deployer} -  UES Portal URL : http://localhost:9763/portal {portal.site.deployer}
TID: [0] [] [2014-12-01 10:31:26,681]  INFO {org.wso2.carbon.registry.eventing.internal.RegistryEventingServiceComponent} -  Successfully Initialized Eventing on Registry {org.wso2.carbon.registry.eventing.internal.RegistryEventingServiceComponent}
TID: [0] [] [2014-12-01 10:31:27,634]  INFO {org.wso2.carbon.core.init.JMXServerManager} -  JMX Service URL  : service:jmx:rmi://localhost:11111/jndi/rmi://localhost:9999/jmxrmi {org.wso2.carbon.core.init.JMXServerManager}
TID: [0] [] [2014-12-01 10:31:27,634]  INFO {org.wso2.carbon.core.internal.StartupFinalizerServiceComponent} -  Server           :  WSO2 User Engagement Server-1.0.0 {org.wso2.carbon.core.internal.StartupFinalizerServiceComponent}
TID: [0] [] [2014-12-01 10:31:27,634]  INFO {org.wso2.carbon.core.internal.StartupFinalizerServiceComponent} -  WSO2 Carbon started in 56 sec {org.wso2.carbon.core.internal.StartupFinalizerServiceComponent}
TID: [0] [] [2014-12-01 10:31:27,947]  INFO {org.wso2.carbon.ui.internal.CarbonUIServiceComponent} -  Mgt Console URL  : https://10.22.196.11:9443/admin/carbon/ {org.wso2.carbon.ui.internal.CarbonUIServiceComponent}
TID: [0] [] [2014-12-01 10:32:25,519]  INFO {org.jaggeryjs.jaggery.app.mgt.TomcatJaggeryWebappsDeployer} -  Deployed webapp: StandardEngine[Catalina].StandardHost[localhost].StandardContext[/user].File[D:\wso2ues1\wso2ues-1.0.0\bin\..\repository\deployment\server\jaggeryapps\user] {org.jaggeryjs.jaggery.app.mgt.TomcatJaggeryWebappsDeployer}
TID: [0] [] [2014-12-01 10:32:41,341]  INFO {org.wso2.carbon.webapp.mgt.WebApplication} -  Unloaded webapp: StandardEngine[Catalina].StandardHost[localhost].StandardContext[/user] {org.wso2.carbon.webapp.mgt.WebApplication}
TID: [0] [] [2014-12-01 10:32:41,343]  INFO {org.wso2.carbon.webapp.mgt.TomcatGenericWebappsDeployer} -  Undeployed webapp: StandardEngine[Catalina].StandardHost[localhost].StandardContext[/user].File[D:\wso2ues1\wso2ues-1.0.0\bin\..\repository\deployment\server\jaggeryapps\user] {org.wso2.carbon.webapp.mgt.TomcatGenericWebappsDeployer}
TID: [0] [] [2014-12-01 10:32:41,625]  INFO {org.jaggeryjs.jaggery.app.mgt.TomcatJaggeryWebappsDeployer} -  Deployed webapp: StandardEngine[Catalina].StandardHost[localhost].StandardContext[/user].File[D:\wso2ues1\wso2ues-1.0.0\bin\..\repository\deployment\server\jaggeryapps\user] {org.jaggeryjs.jaggery.app.mgt.TomcatJaggeryWebappsDeployer}
TID: [0] [] [2014-12-01 10:32:57,472]  INFO {org.jaggeryjs.jaggery.app.mgt.TomcatJaggeryWebappsDeployer} -  Deployed webapp: StandardEngine[Catalina].StandardHost[localhost].StandardContext[/userdashboard].File[D:\wso2ues1\wso2ues-1.0.0\bin\..\repository\deployment\server\jaggeryapps\userdashboard] {org.jaggeryjs.jaggery.app.mgt.TomcatJaggeryWebappsDeployer}
TID: [0] [] [2014-12-01 10:33:13,306]  INFO {org.wso2.carbon.webapp.mgt.WebApplication} -  Unloaded webapp: StandardEngine[Catalina].StandardHost[localhost].StandardContext[/userdashboard] {org.wso2.carbon.webapp.mgt.WebApplication}
TID: [0] [] [2014-12-01 10:33:13,307]  INFO {org.wso2.carbon.webapp.mgt.TomcatGenericWebappsDeployer} -  Undeployed webapp: StandardEngine[Catalina].StandardHost[localhost].StandardContext[/userdashboard].File[D:\wso2ues1\wso2ues-1.0.0\bin\..\repository\deployment\server\jaggeryapps\userdashboard] {org.wso2.carbon.webapp.mgt.TomcatGenericWebappsDeployer}
TID: [0] [] [2014-12-01 10:33:13,476]  INFO {org.jaggeryjs.jaggery.app.mgt.TomcatJaggeryWebappsDeployer} -  Deployed webapp: StandardEngine[Catalina].StandardHost[localhost].StandardContext[/userdashboard].File[D:\wso2ues1\wso2ues-1.0.0\bin\..\repository\deployment\server\jaggeryapps\userdashboard] {org.jaggeryjs.jaggery.app.mgt.TomcatJaggeryWebappsDeployer}
TID: [0] [] [2014-12-01 10:33:45,624]  INFO {org.jaggeryjs.jaggery.app.mgt.TomcatJaggeryWebappsDeployer} -  Deployed webapp: StandardEngine[Catalina].StandardHost[localhost].StandardContext[/dashboard].File[D:\wso2ues1\wso2ues-1.0.0\bin\..\repository\deployment\server\jaggeryapps\dashboard] {org.jaggeryjs.jaggery.app.mgt.TomcatJaggeryWebappsDeployer}
TID: [0] [] [2014-12-01 10:34:33,333]  INFO {org.wso2.carbon.webapp.mgt.WebApplication} -  Unloaded webapp: StandardEngine[Catalina].StandardHost[localhost].StandardContext[/dashboard] {org.wso2.carbon.webapp.mgt.WebApplication}
TID: [0] [] [2014-12-01 10:34:33,334]  INFO {org.wso2.carbon.webapp.mgt.TomcatGenericWebappsDeployer} -  Undeployed webapp: StandardEngine[Catalina].StandardHost[localhost].StandardContext[/dashboard].File[D:\wso2ues1\wso2ues-1.0.0\bin\..\repository\deployment\server\jaggeryapps\dashboard] {org.wso2.carbon.webapp.mgt.TomcatGenericWebappsDeployer}
TID: [0] [] [2014-12-01 10:34:33,563]  INFO {org.jaggeryjs.jaggery.app.mgt.TomcatJaggeryWebappsDeployer} -  Deployed webapp: StandardEngine[Catalina].StandardHost[localhost].StandardContext[/dashboard].File[D:\wso2ues1\wso2ues-1.0.0\bin\..\repository\deployment\server\jaggeryapps\dashboard] {org.jaggeryjs.jaggery.app.mgt.TomcatJaggeryWebappsDeployer}
TID: [0] [] [2014-12-01 10:34:49,556]  INFO {org.wso2.carbon.identity.sso.saml.ui.logout.LogoutRequestSender} -  single logout request is sent to : https://localhost:9443/userdashboard/sso is returned with OK {org.wso2.carbon.identity.sso.saml.ui.logout.LogoutRequestSender}
TID: [0] [] [2014-12-01 10:35:34,302]  INFO {org.wso2.carbon.core.services.util.CarbonAuthenticationUtil} -  'admin@carbon.super [-1234]' logged in at [2014-12-01 10:35:34,302+0530] from IP address 10.22.196.11 {org.wso2.carbon.core.services.util.CarbonAuthenticationUtil}
TID: [0] [] [2014-12-01 10:55:09,139]  INFO {org.jaggeryjs.jaggery.app.mgt.TomcatJaggeryWebappsDeployer} -  Deployed webapp: StandardEngine[Catalina].StandardHost[localhost].StandardContext[/help].File[D:\wso2ues1\wso2ues-1.0.0\bin\..\repository\deployment\server\jaggeryapps\help] {org.jaggeryjs.jaggery.app.mgt.TomcatJaggeryWebappsDeployer}
TID: [0] [] [2014-12-01 10:55:24,974]  INFO {org.wso2.carbon.webapp.mgt.WebApplication} -  Unloaded webapp: StandardEngine[Catalina].StandardHost[localhost].StandardContext[/help] {org.wso2.carbon.webapp.mgt.WebApplication}
TID: [0] [] [2014-12-01 10:55:24,975]  INFO {org.wso2.carbon.webapp.mgt.TomcatGenericWebappsDeployer} -  Undeployed webapp: StandardEngine[Catalina].StandardHost[localhost].StandardContext[/help].File[D:\wso2ues1\wso2ues-1.0.0\bin\..\repository\deployment\server\jaggeryapps\help] {org.wso2.carbon.webapp.mgt.TomcatGenericWebappsDeployer}
TID: [0] [] [2014-12-01 10:55:25,115]  INFO {org.jaggeryjs.jaggery.app.mgt.TomcatJaggeryWebappsDeployer} -  Deployed webapp: StandardEngine[Catalina].StandardHost[localhost].StandardContext[/help].File[D:\wso2ues1\wso2ues-1.0.0\bin\..\repository\deployment\server\jaggeryapps\help] {org.jaggeryjs.jaggery.app.mgt.TomcatJaggeryWebappsDeployer}
TID: [0] [] [2014-12-01 10:56:00,096]  INFO {org.wso2.carbon.identity.sso.saml.ui.logout.LogoutRequestSender} -  single logout request is sent to : https://localhost:9443/user/sso is returned with OK {org.wso2.carbon.identity.sso.saml.ui.logout.LogoutRequestSender}
TID: [0] [] [2014-12-01 11:19:47,517]  INFO {org.wso2.carbon.core.init.CarbonServerManager} -  Shutdown hook triggered.... {org.wso2.carbon.core.init.CarbonServerManager}
TID: [0] [] [2014-12-01 11:19:47,523]  INFO {org.wso2.carbon.core.init.CarbonServerManager} -  Gracefully shutting down WSO2 User Engagement Server... {org.wso2.carbon.core.init.CarbonServerManager}
TID: [0] [] [2014-12-01 11:19:47,560]  INFO {org.wso2.carbon.core.ServerManagement} -  Starting to switch to maintenance mode... {org.wso2.carbon.core.ServerManagement}
TID: [0] [] [2014-12-01 11:19:49,786]  INFO {org.wso2.carbon.core.ServerManagement} -  Stopped all transport listeners {org.wso2.carbon.core.ServerManagement}
TID: [0] [] [2014-12-01 11:19:49,788]  INFO {org.wso2.carbon.core.ServerManagement} -  Waiting for request service completion... {org.wso2.carbon.core.ServerManagement}
TID: [0] [] [2014-12-01 11:19:49,836]  INFO {org.wso2.carbon.core.ServerManagement} -  All requests have been served. {org.wso2.carbon.core.ServerManagement}
TID: [0] [] [2014-12-01 11:19:49,836]  INFO {org.wso2.carbon.core.ServerManagement} -  Waiting for deployment completion... {org.wso2.carbon.core.ServerManagement}
TID: [0] [] [2014-12-01 11:19:50,143]  INFO {org.wso2.carbon.webapp.mgt.WebApplication} -  Unloaded webapp: StandardEngine[Catalina].StandardHost[localhost].StandardContext[/] {org.wso2.carbon.webapp.mgt.WebApplication}
TID: [0] [] [2014-12-01 11:19:50,164]  INFO {org.wso2.carbon.webapp.mgt.WebApplication} -  Unloaded webapp: StandardEngine[Catalina].StandardHost[localhost].StandardContext[/ceo-dash] {org.wso2.carbon.webapp.mgt.WebApplication}
TID: [0] [] [2014-12-01 11:19:50,231]  INFO {org.wso2.carbon.webapp.mgt.WebApplication} -  Unloaded webapp: StandardEngine[Catalina].StandardHost[localhost].StandardContext[/dashboard] {org.wso2.carbon.webapp.mgt.WebApplication}
TID: [0] [] [2014-12-01 11:19:50,248]  INFO {org.wso2.carbon.webapp.mgt.WebApplication} -  Unloaded webapp: StandardEngine[Catalina].StandardHost[localhost].StandardContext[/markmail] {org.wso2.carbon.webapp.mgt.WebApplication}
TID: [0] [] [2014-12-01 11:19:50,413]  INFO {org.wso2.carbon.webapp.mgt.WebApplication} -  Unloaded webapp: StandardEngine[Catalina].StandardHost[localhost].StandardContext[/sso] {org.wso2.carbon.webapp.mgt.WebApplication}
TID: [0] [] [2014-12-01 11:19:50,433]  INFO {org.wso2.carbon.webapp.mgt.WebApplication} -  Unloaded webapp: StandardEngine[Catalina].StandardHost[localhost].StandardContext[/userdashboard] {org.wso2.carbon.webapp.mgt.WebApplication}
TID: [0] [] [2014-12-01 11:19:50,456]  INFO {org.wso2.carbon.webapp.mgt.WebApplication} -  Unloaded webapp: StandardEngine[Catalina].StandardHost[localhost].StandardContext[/store] {org.wso2.carbon.webapp.mgt.WebApplication}
TID: [0] [] [2014-12-01 11:19:50,492]  INFO {org.wso2.carbon.webapp.mgt.WebApplication} -  Unloaded webapp: StandardEngine[Catalina].StandardHost[localhost].StandardContext[/portal] {org.wso2.carbon.webapp.mgt.WebApplication}
TID: [0] [] [2014-12-01 11:19:50,529]  INFO {org.wso2.carbon.webapp.mgt.WebApplication} -  Unloaded webapp: StandardEngine[Catalina].StandardHost[localhost].StandardContext[/user] {org.wso2.carbon.webapp.mgt.WebApplication}
TID: [0] [] [2014-12-01 11:19:50,549]  INFO {org.wso2.carbon.webapp.mgt.WebApplication} -  Unloaded webapp: StandardEngine[Catalina].StandardHost[localhost].StandardContext[/help] {org.wso2.carbon.webapp.mgt.WebApplication}
TID: [0] [] [2014-12-01 11:19:50,566]  INFO {org.wso2.carbon.webapp.mgt.WebApplication} -  Unloaded webapp: StandardEngine[Catalina].StandardHost[localhost].StandardContext[/climate] {org.wso2.carbon.webapp.mgt.WebApplication}
TID: [0] [] [2014-12-01 11:19:50,567]  INFO {org.wso2.carbon.core.ServerManagement} -  All deployment tasks have been completed. {org.wso2.carbon.core.ServerManagement}
TID: [0] [] [2014-12-01 11:19:50,569]  INFO {org.wso2.carbon.core.ServerManagement} -  Waiting for server task completion... {org.wso2.carbon.core.ServerManagement}
TID: [0] [] [2014-12-01 11:19:50,591]  INFO {org.wso2.carbon.core.ServerManagement} -  All server tasks have been completed. {org.wso2.carbon.core.ServerManagement}
TID: [0] [] [2014-12-01 11:19:50,592]  INFO {org.wso2.carbon.core.init.CarbonServerManager} -  Shutting down WSO2 User Engagement Server... {org.wso2.carbon.core.init.CarbonServerManager}
TID: [0] [] [2014-12-01 11:19:50,594]  INFO {org.apache.axis2.transport.tcp.TCPTransportSender} -  TCP Sender Shutdown {org.apache.axis2.transport.tcp.TCPTransportSender}
TID: [0] [] [2014-12-01 11:19:50,594]  INFO {org.apache.axis2.transport.tcp.TCPTransportSender} -  TCP Sender Shutdown {org.apache.axis2.transport.tcp.TCPTransportSender}
TID: [0] [] [2014-12-01 11:19:50,601]  INFO {org.wso2.carbon.core.init.CarbonServerManager} -  Shutting down OSGi framework... {org.wso2.carbon.core.init.CarbonServerManager}
TID: [0] [] [2014-12-01 11:19:50,757]  INFO {org.wso2.carbon.core.init.CarbonServerManager} -  Stopping CarbonServerManager... {org.wso2.carbon.core.init.CarbonServerManager}
TID: [0] [] [2014-12-01 11:19:50,953]  INFO {org.wso2.carbon.tomcat.ext.internal.CarbonTomcatServiceComponent} -  Stopping the carbon web-app registered under : /admin {org.wso2.carbon.tomcat.ext.internal.CarbonTomcatServiceComponent}
TID: [0] [] [2014-12-01 11:19:53,208]  INFO {org.wso2.carbon.core.init.CarbonServerManager} -  Shutdown complete {org.wso2.carbon.core.init.CarbonServerManager}
TID: [0] [] [2014-12-01 11:19:53,209]  INFO {org.wso2.carbon.core.init.CarbonServerManager} -  Halting JVM {org.wso2.carbon.core.init.CarbonServerManager}
TID: [0] [] [2014-12-01 11:26:44,655]  INFO {org.wso2.carbon.core.internal.CarbonCoreActivator} -  Starting WSO2 Carbon... {org.wso2.carbon.core.internal.CarbonCoreActivator}
TID: [0] [] [2014-12-01 11:26:44,671]  INFO {org.wso2.carbon.core.internal.CarbonCoreActivator} -  Operating System : Windows 8 6.2, amd64 {org.wso2.carbon.core.internal.CarbonCoreActivator}
TID: [0] [] [2014-12-01 11:26:44,671]  INFO {org.wso2.carbon.core.internal.CarbonCoreActivator} -  Java Home        : C:\Program Files\Java\jdk1.7.0_67\jre {org.wso2.carbon.core.internal.CarbonCoreActivator}
TID: [0] [] [2014-12-01 11:26:44,671]  INFO {org.wso2.carbon.core.internal.CarbonCoreActivator} -  Java Version     : 1.7.0_67 {org.wso2.carbon.core.internal.CarbonCoreActivator}
TID: [0] [] [2014-12-01 11:26:44,671]  INFO {org.wso2.carbon.core.internal.CarbonCoreActivator} -  Java VM          : Java HotSpot(TM) 64-Bit Server VM 24.65-b04,Oracle Corporation {org.wso2.carbon.core.internal.CarbonCoreActivator}
TID: [0] [] [2014-12-01 11:26:44,671]  INFO {org.wso2.carbon.core.internal.CarbonCoreActivator} -  Carbon Home      : D:\innovation_dashboard\wso2ues-1.0.0\bin\.. {org.wso2.carbon.core.internal.CarbonCoreActivator}
TID: [0] [] [2014-12-01 11:26:44,671]  INFO {org.wso2.carbon.core.internal.CarbonCoreActivator} -  Java Temp Dir    : D:\innovation_dashboard\wso2ues-1.0.0\bin\..\tmp {org.wso2.carbon.core.internal.CarbonCoreActivator}
TID: [0] [] [2014-12-01 11:26:44,671]  INFO {org.wso2.carbon.core.internal.CarbonCoreActivator} -  User             : User, en-US, Asia/Colombo {org.wso2.carbon.core.internal.CarbonCoreActivator}
TID: [0] [] [2014-12-01 11:26:44,952]  WARN {org.wso2.carbon.core.bootup.validator.util.ValidationResultPrinter} -  The running OS : Windows 8 is not a tested Operating System for running WSO2 Carbon {org.wso2.carbon.core.bootup.validator.util.ValidationResultPrinter}
TID: [0] [] [2014-12-01 11:26:59,026]  INFO {org.wso2.carbon.registry.core.jdbc.EmbeddedRegistryService} -  Configured Registry in 250ms {org.wso2.carbon.registry.core.jdbc.EmbeddedRegistryService}
TID: [0] [] [2014-12-01 11:26:59,620]  INFO {org.wso2.carbon.registry.core.internal.RegistryCoreServiceComponent} -  Registry Mode    : READ-WRITE {org.wso2.carbon.registry.core.internal.RegistryCoreServiceComponent}
TID: [0] [] [2014-12-01 11:27:21,854]  INFO {org.apache.axis2.deployment.ClusterBuilder} -  Clustering has been disabled {org.apache.axis2.deployment.ClusterBuilder}
TID: [0] [] [2014-12-01 11:27:21,854]  INFO {org.apache.axis2.deployment.ClusterBuilder} -  Clustering has been disabled {org.apache.axis2.deployment.ClusterBuilder}
TID: [0] [] [2014-12-01 11:27:22,339]  INFO {org.apache.axis2.transport.tcp.TCPTransportSender} -  TCP Sender started {org.apache.axis2.transport.tcp.TCPTransportSender}
TID: [0] [] [2014-12-01 11:27:22,339]  INFO {org.apache.axis2.transport.tcp.TCPTransportSender} -  TCP Sender started {org.apache.axis2.transport.tcp.TCPTransportSender}
TID: [0] [] [2014-12-01 11:27:26,089]  INFO {org.wso2.carbon.core.deployment.DeploymentInterceptor} -  Deploying Axis2 service: echo {super-tenant} {org.wso2.carbon.core.deployment.DeploymentInterceptor}
TID: [0] [] [2014-12-01 11:27:27,511]  INFO {org.apache.axis2.deployment.DeploymentEngine} -  Deploying Web service: Echo.aar - file:/D:/innovation_dashboard/wso2ues-1.0.0/bin/../repository/deployment/server/axis2services/Echo.aar {org.apache.axis2.deployment.DeploymentEngine}
TID: [0] [] [2014-12-01 11:27:27,511]  INFO {org.apache.axis2.deployment.DeploymentEngine} -  Deploying Web service: Echo.aar - file:/D:/innovation_dashboard/wso2ues-1.0.0/bin/../repository/deployment/server/axis2services/Echo.aar {org.apache.axis2.deployment.DeploymentEngine}
TID: [0] [] [2014-12-01 11:27:27,995]  INFO {org.wso2.carbon.core.deployment.DeploymentInterceptor} -  Deploying Axis2 service: Version {super-tenant} {org.wso2.carbon.core.deployment.DeploymentInterceptor}
TID: [0] [] [2014-12-01 11:27:29,058]  INFO {org.apache.axis2.deployment.DeploymentEngine} -  Deploying Web service: Version.aar - file:/D:/innovation_dashboard/wso2ues-1.0.0/bin/../repository/deployment/server/axis2services/Version.aar {org.apache.axis2.deployment.DeploymentEngine}
TID: [0] [] [2014-12-01 11:27:29,058]  INFO {org.apache.axis2.deployment.DeploymentEngine} -  Deploying Web service: Version.aar - file:/D:/innovation_dashboard/wso2ues-1.0.0/bin/../repository/deployment/server/axis2services/Version.aar {org.apache.axis2.deployment.DeploymentEngine}
TID: [0] [] [2014-12-01 11:27:54,964]  INFO {org.apache.shiro.config.IniSecurityManagerFactory} -  Realms have been explicitly set on the SecurityManager instance - auto-setting of realms will not occur. {org.apache.shiro.config.IniSecurityManagerFactory}
TID: [0] [] [2014-12-01 11:27:54,964]  INFO {org.apache.shiro.config.IniSecurityManagerFactory} -  Realms have been explicitly set on the SecurityManager instance - auto-setting of realms will not occur. {org.apache.shiro.config.IniSecurityManagerFactory}
TID: [0] [] [2014-12-01 11:27:54,964]  INFO {org.apache.shiro.realm.AuthorizingRealm} -  No cache or cacheManager properties have been set.  Authorization cache cannot be obtained. {org.apache.shiro.realm.AuthorizingRealm}
TID: [0] [] [2014-12-01 11:27:54,964]  INFO {org.apache.shiro.realm.AuthorizingRealm} -  No cache or cacheManager properties have been set.  Authorization cache cannot be obtained. {org.apache.shiro.realm.AuthorizingRealm}
TID: [0] [] [2014-12-01 11:27:54,996]  INFO {org.wso2.carbon.webapp.mgt.TomcatGenericWebappsDeployer} -  Deployed webapp: StandardEngine[Catalina].StandardHost[localhost].StandardContext[/].File[D:\innovation_dashboard\wso2ues-1.0.0\bin\..\repository\deployment\server\webapps\ROOT] {org.wso2.carbon.webapp.mgt.TomcatGenericWebappsDeployer}
TID: [0] [] [2014-12-01 11:27:59,386]  INFO {org.jaggeryjs.jaggery.app.mgt.TomcatJaggeryWebappsDeployer} -  Deployed webapp: StandardEngine[Catalina].StandardHost[localhost].StandardContext[/ceo-dash].File[D:\innovation_dashboard\wso2ues-1.0.0\bin\..\repository\deployment\server\jaggeryapps\ceo-dash] {org.jaggeryjs.jaggery.app.mgt.TomcatJaggeryWebappsDeployer}
TID: [0] [] [2014-12-01 11:27:59,417]  INFO {org.jaggeryjs.jaggery.app.mgt.TomcatJaggeryWebappsDeployer} -  Deployed webapp: StandardEngine[Catalina].StandardHost[localhost].StandardContext[/climate].File[D:\innovation_dashboard\wso2ues-1.0.0\bin\..\repository\deployment\server\jaggeryapps\climate] {org.jaggeryjs.jaggery.app.mgt.TomcatJaggeryWebappsDeployer}
TID: [0] [] [2014-12-01 11:27:59,668]  INFO {org.jaggeryjs.jaggery.app.mgt.TomcatJaggeryWebappsDeployer} -  Deployed webapp: StandardEngine[Catalina].StandardHost[localhost].StandardContext[/dashboard].File[D:\innovation_dashboard\wso2ues-1.0.0\bin\..\repository\deployment\server\jaggeryapps\dashboard] {org.jaggeryjs.jaggery.app.mgt.TomcatJaggeryWebappsDeployer}
TID: [0] [] [2014-12-01 11:27:59,793]  INFO {org.jaggeryjs.jaggery.app.mgt.TomcatJaggeryWebappsDeployer} -  Deployed webapp: StandardEngine[Catalina].StandardHost[localhost].StandardContext[/help].File[D:\innovation_dashboard\wso2ues-1.0.0\bin\..\repository\deployment\server\jaggeryapps\help] {org.jaggeryjs.jaggery.app.mgt.TomcatJaggeryWebappsDeployer}
TID: [0] [] [2014-12-01 11:27:59,824]  INFO {org.jaggeryjs.jaggery.app.mgt.TomcatJaggeryWebappsDeployer} -  Deployed webapp: StandardEngine[Catalina].StandardHost[localhost].StandardContext[/markmail].File[D:\innovation_dashboard\wso2ues-1.0.0\bin\..\repository\deployment\server\jaggeryapps\markmail] {org.jaggeryjs.jaggery.app.mgt.TomcatJaggeryWebappsDeployer}
TID: [0] [] [2014-12-01 11:28:00,996]  INFO {portal.deployer} -  Default gadgets deployed {portal.deployer}
TID: [0] [] [2014-12-01 11:28:01,324]  INFO {portal.site.deployer} -  Default sites deployed {portal.site.deployer}
TID: [0] [] [2014-12-01 11:28:01,324]  INFO {org.jaggeryjs.jaggery.app.mgt.TomcatJaggeryWebappsDeployer} -  Deployed webapp: StandardEngine[Catalina].StandardHost[localhost].StandardContext[/portal].File[D:\innovation_dashboard\wso2ues-1.0.0\bin\..\repository\deployment\server\jaggeryapps\portal] {org.jaggeryjs.jaggery.app.mgt.TomcatJaggeryWebappsDeployer}
TID: [0] [] [2014-12-01 11:28:01,668]  INFO {org.jaggeryjs.jaggery.app.mgt.TomcatJaggeryWebappsDeployer} -  Deployed webapp: StandardEngine[Catalina].StandardHost[localhost].StandardContext[/sso].File[D:\innovation_dashboard\wso2ues-1.0.0\bin\..\repository\deployment\server\jaggeryapps\sso] {org.jaggeryjs.jaggery.app.mgt.TomcatJaggeryWebappsDeployer}
TID: [0] [] [2014-12-01 11:28:01,996]  INFO {org.jaggeryjs.jaggery.app.mgt.TomcatJaggeryWebappsDeployer} -  Deployed webapp: StandardEngine[Catalina].StandardHost[localhost].StandardContext[/store].File[D:\innovation_dashboard\wso2ues-1.0.0\bin\..\repository\deployment\server\jaggeryapps\store] {org.jaggeryjs.jaggery.app.mgt.TomcatJaggeryWebappsDeployer}
TID: [0] [] [2014-12-01 11:28:02,089]  INFO {org.jaggeryjs.jaggery.app.mgt.TomcatJaggeryWebappsDeployer} -  Deployed webapp: StandardEngine[Catalina].StandardHost[localhost].StandardContext[/user].File[D:\innovation_dashboard\wso2ues-1.0.0\bin\..\repository\deployment\server\jaggeryapps\user] {org.jaggeryjs.jaggery.app.mgt.TomcatJaggeryWebappsDeployer}
TID: [0] [] [2014-12-01 11:28:02,168]  INFO {org.jaggeryjs.jaggery.app.mgt.TomcatJaggeryWebappsDeployer} -  Deployed webapp: StandardEngine[Catalina].StandardHost[localhost].StandardContext[/userdashboard].File[D:\innovation_dashboard\wso2ues-1.0.0\bin\..\repository\deployment\server\jaggeryapps\userdashboard] {org.jaggeryjs.jaggery.app.mgt.TomcatJaggeryWebappsDeployer}
TID: [0] [] [2014-12-01 11:28:02,636]  INFO {org.wso2.carbon.core.deployment.DeploymentInterceptor} -  Deploying Axis2 service: echo {super-tenant} {org.wso2.carbon.core.deployment.DeploymentInterceptor}
TID: [0] [] [2014-12-01 11:28:04,980]  INFO {org.wso2.carbon.core.deployment.DeploymentInterceptor} -  Deploying Axis2 service: Version {super-tenant} {org.wso2.carbon.core.deployment.DeploymentInterceptor}
TID: [0] [] [2014-12-01 11:28:06,087]  INFO {portal.site.deployer} -  UES Portal URL : http://localhost:9763/portal {portal.site.deployer}
TID: [0] [] [2014-12-01 11:28:06,957]  INFO {org.apache.axis2.deployment.ModuleDeployer} -  Deploying module: addressing-1.6.1-wso2v9 - file:/D:/innovation_dashboard/wso2ues-1.0.0/bin/../repository/deployment/client/modules/addressing-1.6.1-wso2v9.mar {org.apache.axis2.deployment.ModuleDeployer}
TID: [0] [] [2014-12-01 11:28:06,957]  INFO {org.apache.axis2.deployment.ModuleDeployer} -  Deploying module: addressing-1.6.1-wso2v9 - file:/D:/innovation_dashboard/wso2ues-1.0.0/bin/../repository/deployment/client/modules/addressing-1.6.1-wso2v9.mar {org.apache.axis2.deployment.ModuleDeployer}
TID: [0] [] [2014-12-01 11:28:06,969]  INFO {org.apache.axis2.transport.tcp.TCPTransportSender} -  TCP Sender started {org.apache.axis2.transport.tcp.TCPTransportSender}
TID: [0] [] [2014-12-01 11:28:06,969]  INFO {org.apache.axis2.transport.tcp.TCPTransportSender} -  TCP Sender started {org.apache.axis2.transport.tcp.TCPTransportSender}
TID: [0] [] [2014-12-01 11:28:08,654]  INFO {org.wso2.carbon.core.init.CarbonServerManager} -  Repository       : D:\innovation_dashboard\wso2ues-1.0.0\bin\../repository/deployment/server/ {org.wso2.carbon.core.init.CarbonServerManager}
TID: [0] [] [2014-12-01 11:28:08,690]  INFO {org.wso2.carbon.core.internal.permission.update.PermissionUpdater} -  Permission cache updated for tenant -1234 {org.wso2.carbon.core.internal.permission.update.PermissionUpdater}
TID: [0] [] [2014-12-01 11:28:09,108]  INFO {org.wso2.carbon.core.transports.http.HttpsTransportListener} -  HTTPS port       : 9443 {org.wso2.carbon.core.transports.http.HttpsTransportListener}
TID: [0] [] [2014-12-01 11:28:09,109]  INFO {org.wso2.carbon.core.transports.http.HttpTransportListener} -  HTTP port        : 9763 {org.wso2.carbon.core.transports.http.HttpTransportListener}
TID: [0] [] [2014-12-01 11:28:10,727]  INFO {org.wso2.carbon.registry.eventing.internal.RegistryEventingServiceComponent} -  Successfully Initialized Eventing on Registry {org.wso2.carbon.registry.eventing.internal.RegistryEventingServiceComponent}
TID: [0] [] [2014-12-01 11:28:11,890]  INFO {org.wso2.carbon.core.init.JMXServerManager} -  JMX Service URL  : service:jmx:rmi://localhost:11111/jndi/rmi://localhost:9999/jmxrmi {org.wso2.carbon.core.init.JMXServerManager}
TID: [0] [] [2014-12-01 11:28:11,891]  INFO {org.wso2.carbon.core.internal.StartupFinalizerServiceComponent} -  Server           :  WSO2 User Engagement Server-1.0.0 {org.wso2.carbon.core.internal.StartupFinalizerServiceComponent}
TID: [0] [] [2014-12-01 11:28:11,892]  INFO {org.wso2.carbon.core.internal.StartupFinalizerServiceComponent} -  WSO2 Carbon started in 123 sec {org.wso2.carbon.core.internal.StartupFinalizerServiceComponent}
TID: [0] [] [2014-12-01 11:28:12,643]  INFO {org.wso2.carbon.ui.internal.CarbonUIServiceComponent} -  Mgt Console URL  : https://10.22.196.11:9443/admin/carbon/ {org.wso2.carbon.ui.internal.CarbonUIServiceComponent}
TID: [0] [] [2014-12-01 11:30:05,818]  INFO {org.wso2.carbon.core.init.CarbonServerManager} -  Shutdown hook triggered.... {org.wso2.carbon.core.init.CarbonServerManager}
TID: [0] [] [2014-12-01 11:30:05,890]  INFO {org.wso2.carbon.core.init.CarbonServerManager} -  Gracefully shutting down WSO2 User Engagement Server... {org.wso2.carbon.core.init.CarbonServerManager}
TID: [0] [] [2014-12-01 11:30:05,900]  INFO {org.wso2.carbon.core.ServerManagement} -  Starting to switch to maintenance mode... {org.wso2.carbon.core.ServerManagement}
TID: [0] [] [2014-12-01 11:30:08,097]  INFO {org.wso2.carbon.core.ServerManagement} -  Stopped all transport listeners {org.wso2.carbon.core.ServerManagement}
TID: [0] [] [2014-12-01 11:30:08,099]  INFO {org.wso2.carbon.core.ServerManagement} -  Waiting for request service completion... {org.wso2.carbon.core.ServerManagement}
TID: [0] [] [2014-12-01 11:30:08,126]  INFO {org.wso2.carbon.core.ServerManagement} -  All requests have been served. {org.wso2.carbon.core.ServerManagement}
TID: [0] [] [2014-12-01 11:30:08,127]  INFO {org.wso2.carbon.core.ServerManagement} -  Waiting for deployment completion... {org.wso2.carbon.core.ServerManagement}
TID: [0] [] [2014-12-01 11:30:08,211]  INFO {org.wso2.carbon.webapp.mgt.WebApplication} -  Unloaded webapp: StandardEngine[Catalina].StandardHost[localhost].StandardContext[/] {org.wso2.carbon.webapp.mgt.WebApplication}
TID: [0] [] [2014-12-01 11:30:08,230]  INFO {org.wso2.carbon.webapp.mgt.WebApplication} -  Unloaded webapp: StandardEngine[Catalina].StandardHost[localhost].StandardContext[/user] {org.wso2.carbon.webapp.mgt.WebApplication}
TID: [0] [] [2014-12-01 11:30:08,245]  INFO {org.wso2.carbon.webapp.mgt.WebApplication} -  Unloaded webapp: StandardEngine[Catalina].StandardHost[localhost].StandardContext[/climate] {org.wso2.carbon.webapp.mgt.WebApplication}
TID: [0] [] [2014-12-01 11:30:08,261]  INFO {org.wso2.carbon.webapp.mgt.WebApplication} -  Unloaded webapp: StandardEngine[Catalina].StandardHost[localhost].StandardContext[/help] {org.wso2.carbon.webapp.mgt.WebApplication}
TID: [0] [] [2014-12-01 11:30:08,277]  INFO {org.wso2.carbon.webapp.mgt.WebApplication} -  Unloaded webapp: StandardEngine[Catalina].StandardHost[localhost].StandardContext[/userdashboard] {org.wso2.carbon.webapp.mgt.WebApplication}
TID: [0] [] [2014-12-01 11:30:08,292]  INFO {org.wso2.carbon.webapp.mgt.WebApplication} -  Unloaded webapp: StandardEngine[Catalina].StandardHost[localhost].StandardContext[/sso] {org.wso2.carbon.webapp.mgt.WebApplication}
TID: [0] [] [2014-12-01 11:30:08,307]  INFO {org.wso2.carbon.webapp.mgt.WebApplication} -  Unloaded webapp: StandardEngine[Catalina].StandardHost[localhost].StandardContext[/portal] {org.wso2.carbon.webapp.mgt.WebApplication}
TID: [0] [] [2014-12-01 11:30:08,323]  INFO {org.wso2.carbon.webapp.mgt.WebApplication} -  Unloaded webapp: StandardEngine[Catalina].StandardHost[localhost].StandardContext[/ceo-dash] {org.wso2.carbon.webapp.mgt.WebApplication}
TID: [0] [] [2014-12-01 11:30:08,339]  INFO {org.wso2.carbon.webapp.mgt.WebApplication} -  Unloaded webapp: StandardEngine[Catalina].StandardHost[localhost].StandardContext[/dashboard] {org.wso2.carbon.webapp.mgt.WebApplication}
TID: [0] [] [2014-12-01 11:30:08,357]  INFO {org.wso2.carbon.webapp.mgt.WebApplication} -  Unloaded webapp: StandardEngine[Catalina].StandardHost[localhost].StandardContext[/store] {org.wso2.carbon.webapp.mgt.WebApplication}
TID: [0] [] [2014-12-01 11:30:08,374]  INFO {org.wso2.carbon.webapp.mgt.WebApplication} -  Unloaded webapp: StandardEngine[Catalina].StandardHost[localhost].StandardContext[/markmail] {org.wso2.carbon.webapp.mgt.WebApplication}
TID: [0] [] [2014-12-01 11:30:08,375]  INFO {org.wso2.carbon.core.ServerManagement} -  All deployment tasks have been completed. {org.wso2.carbon.core.ServerManagement}
TID: [0] [] [2014-12-01 11:30:08,376]  INFO {org.wso2.carbon.core.ServerManagement} -  Waiting for server task completion... {org.wso2.carbon.core.ServerManagement}
TID: [0] [] [2014-12-01 11:30:08,634]  INFO {org.wso2.carbon.core.ServerManagement} -  All server tasks have been completed. {org.wso2.carbon.core.ServerManagement}
TID: [0] [] [2014-12-01 11:30:08,635]  INFO {org.wso2.carbon.core.init.CarbonServerManager} -  Shutting down WSO2 User Engagement Server... {org.wso2.carbon.core.init.CarbonServerManager}
TID: [0] [] [2014-12-01 11:30:08,637]  INFO {org.apache.axis2.transport.tcp.TCPTransportSender} -  TCP Sender Shutdown {org.apache.axis2.transport.tcp.TCPTransportSender}
TID: [0] [] [2014-12-01 11:30:08,637]  INFO {org.apache.axis2.transport.tcp.TCPTransportSender} -  TCP Sender Shutdown {org.apache.axis2.transport.tcp.TCPTransportSender}
TID: [0] [] [2014-12-01 11:30:08,643]  INFO {org.wso2.carbon.core.init.CarbonServerManager} -  Shutting down OSGi framework... {org.wso2.carbon.core.init.CarbonServerManager}
TID: [0] [] [2014-12-01 11:30:08,826]  INFO {org.wso2.carbon.core.init.CarbonServerManager} -  Stopping CarbonServerManager... {org.wso2.carbon.core.init.CarbonServerManager}
TID: [0] [] [2014-12-01 11:30:08,853]  INFO {org.wso2.carbon.tomcat.ext.internal.CarbonTomcatServiceComponent} -  Stopping the carbon web-app registered under : /admin {org.wso2.carbon.tomcat.ext.internal.CarbonTomcatServiceComponent}
TID: [0] [] [2014-12-01 11:30:10,316]  INFO {org.wso2.carbon.core.init.CarbonServerManager} -  Shutdown complete {org.wso2.carbon.core.init.CarbonServerManager}
TID: [0] [] [2014-12-01 11:30:10,317]  INFO {org.wso2.carbon.core.init.CarbonServerManager} -  Halting JVM {org.wso2.carbon.core.init.CarbonServerManager}
TID: [0] [] [2014-12-01 11:37:41,758]  INFO {org.wso2.carbon.core.internal.CarbonCoreActivator} -  Starting WSO2 Carbon... {org.wso2.carbon.core.internal.CarbonCoreActivator}
TID: [0] [] [2014-12-01 11:37:41,766]  INFO {org.wso2.carbon.core.internal.CarbonCoreActivator} -  Operating System : Windows 8 6.2, amd64 {org.wso2.carbon.core.internal.CarbonCoreActivator}
TID: [0] [] [2014-12-01 11:37:41,767]  INFO {org.wso2.carbon.core.internal.CarbonCoreActivator} -  Java Home        : C:\Program Files\Java\jdk1.7.0_67\jre {org.wso2.carbon.core.internal.CarbonCoreActivator}
TID: [0] [] [2014-12-01 11:37:41,767]  INFO {org.wso2.carbon.core.internal.CarbonCoreActivator} -  Java Version     : 1.7.0_67 {org.wso2.carbon.core.internal.CarbonCoreActivator}
TID: [0] [] [2014-12-01 11:37:41,768]  INFO {org.wso2.carbon.core.internal.CarbonCoreActivator} -  Java VM          : Java HotSpot(TM) 64-Bit Server VM 24.65-b04,Oracle Corporation {org.wso2.carbon.core.internal.CarbonCoreActivator}
TID: [0] [] [2014-12-01 11:37:41,769]  INFO {org.wso2.carbon.core.internal.CarbonCoreActivator} -  Carbon Home      : D:\innovation_dashboard\innovation_dashboard\wso2ues-1.0.0\bin\.. {org.wso2.carbon.core.internal.CarbonCoreActivator}
TID: [0] [] [2014-12-01 11:37:41,770]  INFO {org.wso2.carbon.core.internal.CarbonCoreActivator} -  Java Temp Dir    : D:\innovation_dashboard\innovation_dashboard\wso2ues-1.0.0\bin\..\tmp {org.wso2.carbon.core.internal.CarbonCoreActivator}
TID: [0] [] [2014-12-01 11:37:41,770]  INFO {org.wso2.carbon.core.internal.CarbonCoreActivator} -  User             : User, en-US, Asia/Colombo {org.wso2.carbon.core.internal.CarbonCoreActivator}
TID: [0] [] [2014-12-01 11:37:41,893]  WARN {org.wso2.carbon.core.bootup.validator.util.ValidationResultPrinter} -  The running OS : Windows 8 is not a tested Operating System for running WSO2 Carbon {org.wso2.carbon.core.bootup.validator.util.ValidationResultPrinter}
TID: [0] [] [2014-12-01 11:37:53,446]  INFO {org.wso2.carbon.registry.core.jdbc.EmbeddedRegistryService} -  Configured Registry in 193ms {org.wso2.carbon.registry.core.jdbc.EmbeddedRegistryService}
TID: [0] [] [2014-12-01 11:37:53,916]  INFO {org.wso2.carbon.registry.core.internal.RegistryCoreServiceComponent} -  Registry Mode    : READ-WRITE {org.wso2.carbon.registry.core.internal.RegistryCoreServiceComponent}
TID: [0] [] [2014-12-01 11:38:24,942]  INFO {org.apache.axis2.deployment.ClusterBuilder} -  Clustering has been disabled {org.apache.axis2.deployment.ClusterBuilder}
TID: [0] [] [2014-12-01 11:38:24,942]  INFO {org.apache.axis2.deployment.ClusterBuilder} -  Clustering has been disabled {org.apache.axis2.deployment.ClusterBuilder}
TID: [0] [] [2014-12-01 11:38:25,991]  INFO {org.apache.axis2.transport.tcp.TCPTransportSender} -  TCP Sender started {org.apache.axis2.transport.tcp.TCPTransportSender}
TID: [0] [] [2014-12-01 11:38:25,991]  INFO {org.apache.axis2.transport.tcp.TCPTransportSender} -  TCP Sender started {org.apache.axis2.transport.tcp.TCPTransportSender}
TID: [0] [] [2014-12-01 11:38:27,804]  INFO {org.wso2.carbon.core.deployment.DeploymentInterceptor} -  Deploying Axis2 service: echo {super-tenant} {org.wso2.carbon.core.deployment.DeploymentInterceptor}
TID: [0] [] [2014-12-01 11:38:29,412]  INFO {org.apache.axis2.deployment.DeploymentEngine} -  Deploying Web service: Echo.aar - file:/D:/innovation_dashboard/innovation_dashboard/wso2ues-1.0.0/bin/../repository/deployment/server/axis2services/Echo.aar {org.apache.axis2.deployment.DeploymentEngine}
TID: [0] [] [2014-12-01 11:38:29,412]  INFO {org.apache.axis2.deployment.DeploymentEngine} -  Deploying Web service: Echo.aar - file:/D:/innovation_dashboard/innovation_dashboard/wso2ues-1.0.0/bin/../repository/deployment/server/axis2services/Echo.aar {org.apache.axis2.deployment.DeploymentEngine}
TID: [0] [] [2014-12-01 11:38:29,763]  INFO {org.wso2.carbon.core.deployment.DeploymentInterceptor} -  Deploying Axis2 service: Version {super-tenant} {org.wso2.carbon.core.deployment.DeploymentInterceptor}
TID: [0] [] [2014-12-01 11:38:31,170]  INFO {org.apache.axis2.deployment.DeploymentEngine} -  Deploying Web service: Version.aar - file:/D:/innovation_dashboard/innovation_dashboard/wso2ues-1.0.0/bin/../repository/deployment/server/axis2services/Version.aar {org.apache.axis2.deployment.DeploymentEngine}
TID: [0] [] [2014-12-01 11:38:31,170]  INFO {org.apache.axis2.deployment.DeploymentEngine} -  Deploying Web service: Version.aar - file:/D:/innovation_dashboard/innovation_dashboard/wso2ues-1.0.0/bin/../repository/deployment/server/axis2services/Version.aar {org.apache.axis2.deployment.DeploymentEngine}
TID: [0] [] [2014-12-01 11:38:55,073]  INFO {org.apache.shiro.config.IniSecurityManagerFactory} -  Realms have been explicitly set on the SecurityManager instance - auto-setting of realms will not occur. {org.apache.shiro.config.IniSecurityManagerFactory}
TID: [0] [] [2014-12-01 11:38:55,073]  INFO {org.apache.shiro.config.IniSecurityManagerFactory} -  Realms have been explicitly set on the SecurityManager instance - auto-setting of realms will not occur. {org.apache.shiro.config.IniSecurityManagerFactory}
TID: [0] [] [2014-12-01 11:38:55,078]  INFO {org.apache.shiro.realm.AuthorizingRealm} -  No cache or cacheManager properties have been set.  Authorization cache cannot be obtained. {org.apache.shiro.realm.AuthorizingRealm}
TID: [0] [] [2014-12-01 11:38:55,078]  INFO {org.apache.shiro.realm.AuthorizingRealm} -  No cache or cacheManager properties have been set.  Authorization cache cannot be obtained. {org.apache.shiro.realm.AuthorizingRealm}
TID: [0] [] [2014-12-01 11:38:55,143]  INFO {org.wso2.carbon.webapp.mgt.TomcatGenericWebappsDeployer} -  Deployed webapp: StandardEngine[Catalina].StandardHost[localhost].StandardContext[/].File[D:\innovation_dashboard\innovation_dashboard\wso2ues-1.0.0\bin\..\repository\deployment\server\webapps\ROOT] {org.wso2.carbon.webapp.mgt.TomcatGenericWebappsDeployer}
TID: [0] [] [2014-12-01 11:39:02,605]  INFO {org.jaggeryjs.jaggery.app.mgt.TomcatJaggeryWebappsDeployer} -  Deployed webapp: StandardEngine[Catalina].StandardHost[localhost].StandardContext[/ceo-dash].File[D:\innovation_dashboard\innovation_dashboard\wso2ues-1.0.0\bin\..\repository\deployment\server\jaggeryapps\ceo-dash] {org.jaggeryjs.jaggery.app.mgt.TomcatJaggeryWebappsDeployer}
TID: [0] [] [2014-12-01 11:39:02,722]  INFO {org.jaggeryjs.jaggery.app.mgt.TomcatJaggeryWebappsDeployer} -  Deployed webapp: StandardEngine[Catalina].StandardHost[localhost].StandardContext[/climate].File[D:\innovation_dashboard\innovation_dashboard\wso2ues-1.0.0\bin\..\repository\deployment\server\jaggeryapps\climate] {org.jaggeryjs.jaggery.app.mgt.TomcatJaggeryWebappsDeployer}
TID: [0] [] [2014-12-01 11:39:02,985]  INFO {org.jaggeryjs.jaggery.app.mgt.TomcatJaggeryWebappsDeployer} -  Deployed webapp: StandardEngine[Catalina].StandardHost[localhost].StandardContext[/dashboard].File[D:\innovation_dashboard\innovation_dashboard\wso2ues-1.0.0\bin\..\repository\deployment\server\jaggeryapps\dashboard] {org.jaggeryjs.jaggery.app.mgt.TomcatJaggeryWebappsDeployer}
TID: [0] [] [2014-12-01 11:39:03,189]  INFO {org.jaggeryjs.jaggery.app.mgt.TomcatJaggeryWebappsDeployer} -  Deployed webapp: StandardEngine[Catalina].StandardHost[localhost].StandardContext[/help].File[D:\innovation_dashboard\innovation_dashboard\wso2ues-1.0.0\bin\..\repository\deployment\server\jaggeryapps\help] {org.jaggeryjs.jaggery.app.mgt.TomcatJaggeryWebappsDeployer}
TID: [0] [] [2014-12-01 11:39:03,251]  INFO {org.jaggeryjs.jaggery.app.mgt.TomcatJaggeryWebappsDeployer} -  Deployed webapp: StandardEngine[Catalina].StandardHost[localhost].StandardContext[/markmail].File[D:\innovation_dashboard\innovation_dashboard\wso2ues-1.0.0\bin\..\repository\deployment\server\jaggeryapps\markmail] {org.jaggeryjs.jaggery.app.mgt.TomcatJaggeryWebappsDeployer}
TID: [0] [] [2014-12-01 11:39:06,985]  INFO {portal.deployer} -  Default gadgets deployed {portal.deployer}
TID: [0] [] [2014-12-01 11:39:07,661]  INFO {portal.site.deployer} -  Default sites deployed {portal.site.deployer}
TID: [0] [] [2014-12-01 11:39:07,665]  INFO {org.jaggeryjs.jaggery.app.mgt.TomcatJaggeryWebappsDeployer} -  Deployed webapp: StandardEngine[Catalina].StandardHost[localhost].StandardContext[/portal].File[D:\innovation_dashboard\innovation_dashboard\wso2ues-1.0.0\bin\..\repository\deployment\server\jaggeryapps\portal] {org.jaggeryjs.jaggery.app.mgt.TomcatJaggeryWebappsDeployer}
TID: [0] [] [2014-12-01 11:39:07,982]  INFO {org.jaggeryjs.jaggery.app.mgt.TomcatJaggeryWebappsDeployer} -  Deployed webapp: StandardEngine[Catalina].StandardHost[localhost].StandardContext[/sso].File[D:\innovation_dashboard\innovation_dashboard\wso2ues-1.0.0\bin\..\repository\deployment\server\jaggeryapps\sso] {org.jaggeryjs.jaggery.app.mgt.TomcatJaggeryWebappsDeployer}
TID: [0] [] [2014-12-01 11:39:08,518]  INFO {org.jaggeryjs.jaggery.app.mgt.TomcatJaggeryWebappsDeployer} -  Deployed webapp: StandardEngine[Catalina].StandardHost[localhost].StandardContext[/store].File[D:\innovation_dashboard\innovation_dashboard\wso2ues-1.0.0\bin\..\repository\deployment\server\jaggeryapps\store] {org.jaggeryjs.jaggery.app.mgt.TomcatJaggeryWebappsDeployer}
TID: [0] [] [2014-12-01 11:39:08,766]  INFO {org.jaggeryjs.jaggery.app.mgt.TomcatJaggeryWebappsDeployer} -  Deployed webapp: StandardEngine[Catalina].StandardHost[localhost].StandardContext[/user].File[D:\innovation_dashboard\innovation_dashboard\wso2ues-1.0.0\bin\..\repository\deployment\server\jaggeryapps\user] {org.jaggeryjs.jaggery.app.mgt.TomcatJaggeryWebappsDeployer}
TID: [0] [] [2014-12-01 11:39:09,034]  INFO {org.jaggeryjs.jaggery.app.mgt.TomcatJaggeryWebappsDeployer} -  Deployed webapp: StandardEngine[Catalina].StandardHost[localhost].StandardContext[/userdashboard].File[D:\innovation_dashboard\innovation_dashboard\wso2ues-1.0.0\bin\..\repository\deployment\server\jaggeryapps\userdashboard] {org.jaggeryjs.jaggery.app.mgt.TomcatJaggeryWebappsDeployer}
TID: [0] [] [2014-12-01 11:39:10,397]  INFO {org.wso2.carbon.core.deployment.DeploymentInterceptor} -  Deploying Axis2 service: echo {super-tenant} {org.wso2.carbon.core.deployment.DeploymentInterceptor}
TID: [0] [] [2014-12-01 11:39:12,061]  INFO {portal.site.deployer} -  UES Portal URL : http://localhost:9763/portal {portal.site.deployer}
TID: [0] [] [2014-12-01 11:39:12,772]  INFO {org.wso2.carbon.core.deployment.DeploymentInterceptor} -  Deploying Axis2 service: Version {super-tenant} {org.wso2.carbon.core.deployment.DeploymentInterceptor}
TID: [0] [] [2014-12-01 11:39:15,458]  INFO {org.apache.axis2.deployment.ModuleDeployer} -  Deploying module: addressing-1.6.1-wso2v9 - file:/D:/innovation_dashboard/innovation_dashboard/wso2ues-1.0.0/bin/../repository/deployment/client/modules/addressing-1.6.1-wso2v9.mar {org.apache.axis2.deployment.ModuleDeployer}
TID: [0] [] [2014-12-01 11:39:15,458]  INFO {org.apache.axis2.deployment.ModuleDeployer} -  Deploying module: addressing-1.6.1-wso2v9 - file:/D:/innovation_dashboard/innovation_dashboard/wso2ues-1.0.0/bin/../repository/deployment/client/modules/addressing-1.6.1-wso2v9.mar {org.apache.axis2.deployment.ModuleDeployer}
TID: [0] [] [2014-12-01 11:39:15,478]  INFO {org.apache.axis2.transport.tcp.TCPTransportSender} -  TCP Sender started {org.apache.axis2.transport.tcp.TCPTransportSender}
TID: [0] [] [2014-12-01 11:39:15,478]  INFO {org.apache.axis2.transport.tcp.TCPTransportSender} -  TCP Sender started {org.apache.axis2.transport.tcp.TCPTransportSender}
TID: [0] [] [2014-12-01 11:39:18,923]  INFO {org.wso2.carbon.core.init.CarbonServerManager} -  Repository       : D:\innovation_dashboard\innovation_dashboard\wso2ues-1.0.0\bin\../repository/deployment/server/ {org.wso2.carbon.core.init.CarbonServerManager}
TID: [0] [] [2014-12-01 11:39:18,980]  INFO {org.wso2.carbon.core.internal.permission.update.PermissionUpdater} -  Permission cache updated for tenant -1234 {org.wso2.carbon.core.internal.permission.update.PermissionUpdater}
TID: [0] [] [2014-12-01 11:39:19,457]  INFO {org.wso2.carbon.core.transports.http.HttpsTransportListener} -  HTTPS port       : 9443 {org.wso2.carbon.core.transports.http.HttpsTransportListener}
TID: [0] [] [2014-12-01 11:39:19,459]  INFO {org.wso2.carbon.core.transports.http.HttpTransportListener} -  HTTP port        : 9763 {org.wso2.carbon.core.transports.http.HttpTransportListener}
TID: [0] [] [2014-12-01 11:39:20,531]  INFO {org.wso2.carbon.registry.eventing.internal.RegistryEventingServiceComponent} -  Successfully Initialized Eventing on Registry {org.wso2.carbon.registry.eventing.internal.RegistryEventingServiceComponent}
TID: [0] [] [2014-12-01 11:39:20,769]  INFO {org.wso2.carbon.core.init.JMXServerManager} -  JMX Service URL  : service:jmx:rmi://localhost:11111/jndi/rmi://localhost:9999/jmxrmi {org.wso2.carbon.core.init.JMXServerManager}
TID: [0] [] [2014-12-01 11:39:20,769]  INFO {org.wso2.carbon.core.internal.StartupFinalizerServiceComponent} -  Server           :  WSO2 User Engagement Server-1.0.0 {org.wso2.carbon.core.internal.StartupFinalizerServiceComponent}
TID: [0] [] [2014-12-01 11:39:20,770]  INFO {org.wso2.carbon.core.internal.StartupFinalizerServiceComponent} -  WSO2 Carbon started in 118 sec {org.wso2.carbon.core.internal.StartupFinalizerServiceComponent}
TID: [0] [] [2014-12-01 11:39:21,562]  INFO {org.wso2.carbon.ui.internal.CarbonUIServiceComponent} -  Mgt Console URL  : https://10.22.196.11:9443/admin/carbon/ {org.wso2.carbon.ui.internal.CarbonUIServiceComponent}
